[debug] [2018-12-18T16:21:41.459Z] ----------------------------------------------------------------------
[debug] [2018-12-18T16:21:41.461Z] Command:       C:\Program Files\nodejs\node.exe C:\Users\HOTMAX\AppData\Roaming\npm\node_modules\firebase-tools\lib\bin\firebase.js --only functions serve
[debug] [2018-12-18T16:21:41.461Z] CLI Version:   6.1.2
[debug] [2018-12-18T16:21:41.461Z] Platform:      win32
[debug] [2018-12-18T16:21:41.461Z] Node Version:  v8.11.1
[debug] [2018-12-18T16:21:41.461Z] Time:          Tue Dec 18 2018 10:21:41 GMT-0600 (Central Standard Time)
[debug] [2018-12-18T16:21:41.461Z] ----------------------------------------------------------------------
[debug] 
[debug] [2018-12-18T16:21:41.468Z] > command requires scopes: ["email","openid","https://www.googleapis.com/auth/cloudplatformprojects.readonly","https://www.googleapis.com/auth/firebase","https://www.googleapis.com/auth/cloud-platform"]
[debug] [2018-12-18T16:21:41.468Z] > authorizing via signed-in user
[debug] [2018-12-18T16:21:41.468Z] [iam] checking project venue-a2981 for permissions ["firebase.projects.get"]
[debug] [2018-12-18T16:21:41.469Z] > refreshing access token with scopes: ["email","https://www.googleapis.com/auth/cloud-platform","https://www.googleapis.com/auth/cloudplatformprojects.readonly","https://www.googleapis.com/auth/firebase","openid"]
[debug] [2018-12-18T16:21:41.469Z] >>> HTTP REQUEST POST https://www.googleapis.com/oauth2/v3/token  
 <request body omitted>
[debug] [2018-12-18T16:21:41.628Z] <<< HTTP RESPONSE 200
[debug] [2018-12-18T16:21:41.631Z] >>> HTTP REQUEST POST https://cloudresourcemanager.googleapis.com/v1/projects/venue-a2981:testIamPermissions  

[debug] [2018-12-18T16:21:41.869Z] <<< HTTP RESPONSE 200
[debug] [2018-12-18T16:21:41.870Z] >>> HTTP REQUEST GET https://cloudresourcemanager.googleapis.com/v1/projects/venue-a2981  
 
[debug] [2018-12-18T16:21:42.027Z] <<< HTTP RESPONSE 200
[info] 
[info] === Serving from 'C:\Users\HOTMAX\Desktop\Sites\Venue-Redux'...
[info] 
[info] i  functions: Preparing to emulate functions.
[debug] [2018-12-18T16:21:42.462Z] Fetching environment
[debug] [2018-12-18T16:21:42.464Z] >>> HTTP REQUEST GET https://mobilesdk-pa.googleapis.com/v1/projects/848327294810:getServerAppConfig  
 
[debug] [2018-12-18T16:21:42.741Z] <<< HTTP RESPONSE 200
[debug] [2018-12-18T16:21:42.741Z] Starting @google-cloud/functions-emulator
[debug] [2018-12-18T16:21:43.756Z] Parsing function triggers
[warn] !  functions: Failed to load functions source code. Ensure that you have the latest SDK by running npm i --save firebase-functions inside the functions directory.
[debug] [2018-12-18T16:21:43.876Z] Error during trigger parsing:  Error parsing triggers: Cannot find module 'firebase-functions'

Try running "npm install" in your functions directory before deploying.
[warn] !  functions: Error from emulator. Error parsing triggers: Cannot find module 'firebase-functions'

Try running "npm install" in your functions directory before deploying.
[debug] [2018-12-18T16:21:43.876Z] 
[debug] [2018-12-18T16:24:49.515Z] ----------------------------------------------------------------------
[debug] [2018-12-18T16:24:49.517Z] Command:       C:\Program Files\nodejs\node.exe C:\Users\HOTMAX\AppData\Roaming\npm\node_modules\firebase-tools\lib\bin\firebase.js --only functions serve
[debug] [2018-12-18T16:24:49.517Z] CLI Version:   6.1.2
[debug] [2018-12-18T16:24:49.517Z] Platform:      win32
[debug] [2018-12-18T16:24:49.517Z] Node Version:  v8.11.1
[debug] [2018-12-18T16:24:49.517Z] Time:          Tue Dec 18 2018 10:24:49 GMT-0600 (Central Standard Time)
[debug] [2018-12-18T16:24:49.517Z] ----------------------------------------------------------------------
[debug] 
[debug] [2018-12-18T16:24:49.524Z] > command requires scopes: ["email","openid","https://www.googleapis.com/auth/cloudplatformprojects.readonly","https://www.googleapis.com/auth/firebase","https://www.googleapis.com/auth/cloud-platform"]
[debug] [2018-12-18T16:24:49.524Z] > authorizing via signed-in user
[debug] [2018-12-18T16:24:49.524Z] [iam] checking project venue-a2981 for permissions ["firebase.projects.get"]
[debug] [2018-12-18T16:24:49.525Z] >>> HTTP REQUEST POST https://cloudresourcemanager.googleapis.com/v1/projects/venue-a2981:testIamPermissions  

[debug] [2018-12-18T16:24:49.736Z] <<< HTTP RESPONSE 200
[debug] [2018-12-18T16:24:49.737Z] >>> HTTP REQUEST GET https://cloudresourcemanager.googleapis.com/v1/projects/venue-a2981  
 
[debug] [2018-12-18T16:24:49.910Z] <<< HTTP RESPONSE 200
[info] 
[info] === Serving from 'C:\Users\HOTMAX\Desktop\Sites\Venue-Redux'...
[info] 
[info] i  functions: Preparing to emulate functions.
[debug] [2018-12-18T16:24:50.363Z] Fetching environment
[debug] [2018-12-18T16:24:50.365Z] >>> HTTP REQUEST GET https://mobilesdk-pa.googleapis.com/v1/projects/848327294810:getServerAppConfig  
 
[debug] [2018-12-18T16:24:50.581Z] <<< HTTP RESPONSE 200
[debug] [2018-12-18T16:24:50.581Z] Starting @google-cloud/functions-emulator
[debug] [2018-12-18T16:24:52.101Z] Parsing function triggers
[warn] !  functions: Failed to load functions source code. Ensure that you have the latest SDK by running npm i --save firebase-functions inside the functions directory.
[debug] [2018-12-18T16:24:52.223Z] Error during trigger parsing:  Error parsing triggers: Cannot find module 'firebase-functions'

Try running "npm install" in your functions directory before deploying.
[warn] !  functions: Error from emulator. Error parsing triggers: Cannot find module 'firebase-functions'

Try running "npm install" in your functions directory before deploying.
[debug] [2018-12-18T16:24:52.223Z] 
[debug] [2018-12-18T16:27:37.830Z] ----------------------------------------------------------------------
[debug] [2018-12-18T16:27:37.832Z] Command:       C:\Program Files\nodejs\node.exe C:\Users\HOTMAX\AppData\Roaming\npm\node_modules\firebase-tools\lib\bin\firebase.js --only functions serve
[debug] [2018-12-18T16:27:37.832Z] CLI Version:   6.1.2
[debug] [2018-12-18T16:27:37.832Z] Platform:      win32
[debug] [2018-12-18T16:27:37.832Z] Node Version:  v8.11.1
[debug] [2018-12-18T16:27:37.833Z] Time:          Tue Dec 18 2018 10:27:37 GMT-0600 (Central Standard Time)
[debug] [2018-12-18T16:27:37.833Z] ----------------------------------------------------------------------
[debug] 
[debug] [2018-12-18T16:27:37.839Z] > command requires scopes: ["email","openid","https://www.googleapis.com/auth/cloudplatformprojects.readonly","https://www.googleapis.com/auth/firebase","https://www.googleapis.com/auth/cloud-platform"]
[debug] [2018-12-18T16:27:37.839Z] > authorizing via signed-in user
[debug] [2018-12-18T16:27:37.839Z] [iam] checking project venue-a2981 for permissions ["firebase.projects.get"]
[debug] [2018-12-18T16:27:37.840Z] >>> HTTP REQUEST POST https://cloudresourcemanager.googleapis.com/v1/projects/venue-a2981:testIamPermissions  

[debug] [2018-12-18T16:27:38.087Z] <<< HTTP RESPONSE 200
[debug] [2018-12-18T16:27:38.088Z] >>> HTTP REQUEST GET https://cloudresourcemanager.googleapis.com/v1/projects/venue-a2981  
 
[debug] [2018-12-18T16:27:38.267Z] <<< HTTP RESPONSE 200
[info] 
[info] === Serving from 'C:\Users\HOTMAX\Desktop\Sites\Venue-Redux'...
[info] 
[info] i  functions: Preparing to emulate functions.
[debug] [2018-12-18T16:27:38.708Z] Fetching environment
[debug] [2018-12-18T16:27:38.709Z] >>> HTTP REQUEST GET https://mobilesdk-pa.googleapis.com/v1/projects/848327294810:getServerAppConfig  
 
[debug] [2018-12-18T16:27:38.926Z] <<< HTTP RESPONSE 200
[debug] [2018-12-18T16:27:38.926Z] Starting @google-cloud/functions-emulator
[debug] [2018-12-18T16:27:40.458Z] Parsing function triggers
[warn] !  functions: Failed to load functions source code. Ensure that you have the latest SDK by running npm i --save firebase-functions inside the functions directory.
[debug] [2018-12-18T16:27:40.620Z] Error during trigger parsing:  Error parsing triggers: Cannot find module './adminKey.json'

Try running "npm install" in your functions directory before deploying.
[warn] !  functions: Error from emulator. Error parsing triggers: Cannot find module './adminKey.json'

Try running "npm install" in your functions directory before deploying.
[debug] [2018-12-18T16:27:40.621Z] 
[debug] [2018-12-18T16:33:56.253Z] ----------------------------------------------------------------------
[debug] [2018-12-18T16:33:56.255Z] Command:       C:\Program Files\nodejs\node.exe C:\Users\HOTMAX\AppData\Roaming\npm\node_modules\firebase-tools\lib\bin\firebase.js --only functions serve
[debug] [2018-12-18T16:33:56.255Z] CLI Version:   6.1.2
[debug] [2018-12-18T16:33:56.255Z] Platform:      win32
[debug] [2018-12-18T16:33:56.255Z] Node Version:  v8.11.1
[debug] [2018-12-18T16:33:56.255Z] Time:          Tue Dec 18 2018 10:33:56 GMT-0600 (Central Standard Time)
[debug] [2018-12-18T16:33:56.255Z] ----------------------------------------------------------------------
[debug] 
[debug] [2018-12-18T16:33:56.262Z] > command requires scopes: ["email","openid","https://www.googleapis.com/auth/cloudplatformprojects.readonly","https://www.googleapis.com/auth/firebase","https://www.googleapis.com/auth/cloud-platform"]
[debug] [2018-12-18T16:33:56.262Z] > authorizing via signed-in user
[debug] [2018-12-18T16:33:56.262Z] [iam] checking project venue-a2981 for permissions ["firebase.projects.get"]
[debug] [2018-12-18T16:33:56.264Z] >>> HTTP REQUEST POST https://cloudresourcemanager.googleapis.com/v1/projects/venue-a2981:testIamPermissions  

[debug] [2018-12-18T16:33:56.484Z] <<< HTTP RESPONSE 200
[debug] [2018-12-18T16:33:56.485Z] >>> HTTP REQUEST GET https://cloudresourcemanager.googleapis.com/v1/projects/venue-a2981  
 
[debug] [2018-12-18T16:33:56.656Z] <<< HTTP RESPONSE 200
[info] 
[info] === Serving from 'C:\Users\HOTMAX\Desktop\Sites\Venue-Redux'...
[info] 
[info] i  functions: Preparing to emulate functions.
[debug] [2018-12-18T16:33:57.102Z] Fetching environment
[debug] [2018-12-18T16:33:57.103Z] >>> HTTP REQUEST GET https://mobilesdk-pa.googleapis.com/v1/projects/848327294810:getServerAppConfig  
 
[debug] [2018-12-18T16:33:57.304Z] <<< HTTP RESPONSE 200
[debug] [2018-12-18T16:33:57.304Z] Starting @google-cloud/functions-emulator
[debug] [2018-12-18T16:33:58.822Z] Parsing function triggers
[info] +  functions: venueApi: http://localhost:5000/venue-a2981/us-central1/venueApi
